<project>
    <build>
        <plugins>
            <plugin>
                <artifactId>ddfclient-maven-plugin</artifactId>
                <configuration>
                    <paramsFile>${basedir}/src/test/resources/unit/test-defaults/testParams.txt</paramsFile>
                </configuration>
            </plugin>
        </plugins>
    </build>
</project>